0 verbose cli /home/ec2-user/.nvm/versions/node/v16.20.2/bin/node /home/ec2-user/.nvm/versions/node/v16.20.2/bin/npm
1 info using npm@8.19.4
2 info using node@v16.20.2
3 timing npm:load:whichnode Completed in 0ms
4 timing config:load:defaults Completed in 1ms
5 timing config:load:file:/home/ec2-user/.nvm/versions/node/v16.20.2/lib/node_modules/npm/npmrc Completed in 14ms
6 timing config:load:builtin Completed in 14ms
7 timing config:load:cli Completed in 6ms
8 timing config:load:env Completed in 1ms
9 timing config:load:project Completed in 0ms
10 timing config:load:file:/home/ec2-user/.npmrc Completed in 0ms
11 timing config:load:user Completed in 0ms
12 timing config:load:file:/home/ec2-user/.nvm/versions/node/v16.20.2/etc/npmrc Completed in 0ms
13 timing config:load:global Completed in 0ms
14 timing config:load:validate Completed in 0ms
15 timing config:load:credentials Completed in 1ms
16 timing config:load:setEnvs Completed in 0ms
17 timing config:load Completed in 24ms
18 timing npm:load:configload Completed in 24ms
19 timing npm:load:mkdirpcache Completed in 2ms
20 timing npm:load:mkdirplogs Completed in 0ms
21 verbose title npm install yarn
22 verbose argv "install" "--global" "yarn"
23 timing npm:load:setTitle Completed in 1ms
24 timing config:load:flatten Completed in 2ms
25 timing npm:load:display Completed in 4ms
26 verbose logfile logs-max:10 dir:/home/ec2-user/.npm/_logs
27 verbose logfile /home/ec2-user/.npm/_logs/2025-01-13T07_58_36_436Z-debug-0.log
28 timing npm:load:logFile Completed in 4ms
29 timing npm:load:timers Completed in 0ms
30 timing npm:load:configScope Completed in 0ms
31 timing npm:load Completed in 36ms
32 timing arborist:ctor Completed in 0ms
33 silly logfile done cleaning log files
34 timing idealTree:init Completed in 4ms
35 timing idealTree:userRequests Completed in 1ms
36 silly idealTree buildDeps
37 silly fetch manifest yarn@*
38 http fetch GET 200 https://registry.npmjs.org/yarn 83ms (cache miss)
39 silly placeDep ROOT yarn@1.22.22 OK for:  want: *
40 timing idealTree:#root Completed in 95ms
41 timing idealTree:node_modules/yarn Completed in 0ms
42 timing idealTree:buildDeps Completed in 96ms
43 timing idealTree:fixDepFlags Completed in 1ms
44 timing idealTree Completed in 103ms
45 timing reify:loadTrees Completed in 105ms
46 timing reify:diffTrees Completed in 1ms
47 silly reify moves {}
48 timing reify:retireShallow Completed in 1ms
49 timing reify:createSparse Completed in 1ms
50 timing reify:loadBundles Completed in 0ms
51 silly audit bulk request { yarn: [ '1.22.22' ] }
52 silly tarball no local data for yarn@https://registry.npmjs.org/yarn/-/yarn-1.22.22.tgz. Extracting by manifest.
53 http fetch GET 200 https://registry.npmjs.org/npm 213ms (cache miss)
54 http fetch POST 200 https://registry.npmjs.org/-/npm/v1/security/advisories/bulk 135ms
55 timing auditReport:getReport Completed in 137ms
56 silly audit report {}
57 timing auditReport:init Completed in 0ms
58 timing reify:audit Completed in 137ms
59 http fetch GET 200 https://registry.npmjs.org/yarn/-/yarn-1.22.22.tgz 173ms (cache miss)
60 timing reifyNode:node_modules/yarn Completed in 186ms
61 timing reify:unpack Completed in 186ms
62 timing reify:unretire Completed in 0ms
63 timing build:queue Completed in 1ms
64 info run yarn@1.22.22 preinstall node_modules/yarn :; (node ./preinstall.js > /dev/null 2>&1 || true)
65 info run yarn@1.22.22 preinstall { code: 0, signal: null }
66 timing build:run:preinstall:node_modules/yarn Completed in 401ms
67 timing build:run:preinstall Completed in 401ms
68 timing build:link:node_modules/yarn Completed in 2ms
69 timing build:link Completed in 2ms
70 timing build:deps Completed in 404ms
71 timing build Completed in 404ms
72 timing reify:build Completed in 405ms
73 timing reify:trash Completed in 0ms
74 timing reify Completed in 741ms
75 silly ADD node_modules/yarn
76 timing command:install Completed in 746ms
77 notice
77 notice New [31mmajor[39m version of npm available! [31m8.19.4[39m -> [32m11.0.0[39m
77 notice Changelog: [36mhttps://github.com/npm/cli/releases/tag/v11.0.0[39m
77 notice Run [32mnpm install -g npm@11.0.0[39m to update!
77 notice
78 verbose exit 0
79 timing npm Completed in 855ms
80 info ok
